[INFO ] [2023-04-14 14:19:02,531] TC_01_Verify_About_Us_Page
[INFO ] [2023-04-14 14:19:02,534] Click to accept all cookies button
[INFO ] [2023-04-14 14:19:13,539] click to about us link
[INFO ] [2023-04-14 14:19:23,588] verify about us url
[INFO ] [2023-04-14 14:19:23,597] verify about us title
[INFO ] [2023-04-14 14:31:15,532] TC_01_Verify_About_Us_Page
[INFO ] [2023-04-14 14:31:15,533] Click to accept all cookies button
[INFO ] [2023-04-14 14:31:24,578] click to about us link
[INFO ] [2023-04-14 14:31:34,630] verify about us url
[INFO ] [2023-04-14 14:31:34,639] verify about us title
[INFO ] [2023-04-14 14:34:50,861] TC_01_Verify_About_Us_Page
[INFO ] [2023-04-14 14:34:50,862] Click to accept all cookies button
[INFO ] [2023-04-14 14:35:00,800] click to about us link
[INFO ] [2023-04-14 14:35:10,854] verify about us url
[INFO ] [2023-04-14 14:35:10,864] verify about us title
[INFO ] [2023-04-14 14:49:21,897] TC_01_Verify_About_Us_Page
[INFO ] [2023-04-14 14:49:21,898] Click to accept all cookies button
[INFO ] [2023-04-14 14:49:31,004] click to about us link
[INFO ] [2023-04-14 14:49:41,054] verify about us url
[INFO ] [2023-04-14 14:49:41,063] verify about us title
[INFO ] [2023-04-14 14:51:28,154] TC_01_Verify_About_Us_Page
[INFO ] [2023-04-14 14:51:28,155] Click to accept all cookies button
[INFO ] [2023-04-14 14:51:37,841] click to about us link
[INFO ] [2023-04-14 14:51:47,893] verify about us url
[INFO ] [2023-04-14 14:51:47,902] verify about us title
[INFO ] [2023-04-14 14:53:09,383] TC_01_Verify_About_Us_Page
[INFO ] [2023-04-14 14:53:09,384] Click to accept all cookies button
[INFO ] [2023-04-14 14:53:18,284] click to about us link
[INFO ] [2023-04-14 14:53:28,335] verify about us url
[INFO ] [2023-04-14 14:53:28,344] verify about us title
[INFO ] [2023-04-14 15:01:51,314] TC_01_Verify_About_Us_Page
[INFO ] [2023-04-14 15:01:51,315] Click to accept all cookies button
[INFO ] [2023-04-14 15:02:01,110] click to about us link
[INFO ] [2023-04-14 15:02:11,165] verify about us url
[INFO ] [2023-04-14 15:02:11,175] verify about us title
[INFO ] [2023-04-14 15:03:17,526] TC_01_Verify_About_Us_Page
[INFO ] [2023-04-14 15:03:17,527] Click to accept all cookies button
[INFO ] [2023-04-14 15:03:27,371] click to about us link
[INFO ] [2023-04-14 15:03:37,424] verify about us url
[INFO ] [2023-04-14 15:03:37,433] verify about us title
[INFO ] [2023-04-14 15:13:30,826] TC_01_Verify_About_Us_Page
[INFO ] [2023-04-14 15:13:30,827] Click to accept all cookies button
[INFO ] [2023-04-14 15:13:40,400] click to about us link
[INFO ] [2023-04-14 15:13:50,454] verify about us url
[INFO ] [2023-04-14 15:13:50,463] verify about us title
[INFO ] [2023-04-14 15:18:16,297] TC_01_Verify_About_Us_Page
[INFO ] [2023-04-14 15:18:16,297] Click to accept all cookies button
[INFO ] [2023-04-14 15:18:31,728] click to about us link
[INFO ] [2023-04-14 15:18:41,836] verify about us url
[INFO ] [2023-04-14 15:18:41,856] verify about us title
[INFO ] [2023-04-14 15:20:19,515] TC_01_Verify_About_Us_Page
[INFO ] [2023-04-14 15:20:19,516] Click to accept all cookies button
[INFO ] [2023-04-14 15:20:29,592] click to about us link
[INFO ] [2023-04-14 15:20:39,645] verify about us url
[INFO ] [2023-04-14 15:24:30,006] TC_01_Verify_About_Us_Page
[INFO ] [2023-04-14 15:24:30,007] Click to accept all cookies button
[INFO ] [2023-04-14 15:24:41,581] click to about us link
[INFO ] [2023-04-14 15:24:52,051] verify about us url
[INFO ] [2023-04-14 15:27:23,688] TC_01_Verify_About_Us_Page
[INFO ] [2023-04-14 15:27:23,688] Click to accept all cookies button
[INFO ] [2023-04-14 15:27:33,238] click to about us link
[INFO ] [2023-04-14 15:27:43,293] verify about us url
